<?xml version="1.0" encoding="UTF-8"?>
<!-- Generated by org.testng.reporters.JUnitReportReporter -->
<testsuite hostname="MAA-5CG0263H4C" failures="0" tests="2" name="allAboutPractice.testCase" time="2.715" errors="0" timestamp="2023-01-28T20:20:26 IST" skipped="0">
  <testcase classname="allAboutPractice.testCase" name="test" time="2.289"/>
  <system-out/>
  <testcase classname="allAboutPractice.testCase" name="test1" time="0.426"/>
  <system-out/>
</testsuite> <!-- allAboutPractice.testCase -->
